<?xml version="1.0" encoding="UTF-8" ?>
<testsuite tests="56" failures="0" name="InputValidationTest" time="0.015" errors="0" skipped="0">
  <properties>
    <property name="java.runtime.name" value="Java(TM) SE Runtime Environment"/>
    <property name="java.vm.version" value="12.0.2+10"/>
    <property name="sun.boot.library.path" value="C:\Program Files\Java\jdk-12.0.2\bin"/>
    <property name="maven.multiModuleProjectDirectory" value="C:\Users\Daniel\Documents\FALL 19\CIS4930\Asmt1_Java"/>
    <property name="java.vm.vendor" value="Oracle Corporation"/>
    <property name="java.vendor.url" value="https://java.oracle.com/"/>
    <property name="guice.disable.misplaced.annotation.check" value="true"/>
    <property name="path.separator" value=";"/>
    <property name="java.vm.name" value="Java HotSpot(TM) 64-Bit Server VM"/>
    <property name="sun.os.patch.level" value=""/>
    <property name="user.script" value=""/>
    <property name="user.country" value="US"/>
    <property name="sun.java.launcher" value="SUN_STANDARD"/>
    <property name="java.vm.specification.name" value="Java Virtual Machine Specification"/>
    <property name="user.dir" value="C:\Users\Daniel\Documents\FALL 19\CIS4930\Asmt1_Java"/>
    <property name="java.vm.compressedOopsMode" value="32-bit"/>
    <property name="java.runtime.version" value="12.0.2+10"/>
    <property name="java.awt.graphicsenv" value="sun.awt.Win32GraphicsEnvironment"/>
    <property name="os.arch" value="amd64"/>
    <property name="java.io.tmpdir" value="C:\Users\Daniel\AppData\Local\Temp\"/>
    <property name="line.separator" value="
"/>
    <property name="java.vm.specification.vendor" value="Oracle Corporation"/>
    <property name="user.variant" value=""/>
    <property name="os.name" value="Windows 10"/>
    <property name="maven.ext.class.path" value="C:\Program Files\JetBrains\IntelliJ IDEA Community Edition 2019.2.1\plugins\maven\lib\maven-event-listener.jar"/>
    <property name="classworlds.conf" value="C:\Program Files\JetBrains\IntelliJ IDEA Community Edition 2019.2.1\plugins\maven\lib\maven3\bin\m2.conf"/>
    <property name="sun.jnu.encoding" value="Cp1252"/>
    <property name="java.library.path" value="C:\Program Files\Java\jdk-12.0.2\bin;C:\WINDOWS\Sun\Java\bin;C:\WINDOWS\system32;C:\WINDOWS;C:\Program Files (x86)\Common Files\Oracle\Java\javapath;C:\ProgramData\Oracle\Java\javapath;C:\Program Files (x86)\Intel\iCLS Client\;C:\Program Files\Intel\iCLS Client\;C:\WINDOWS\system32;C:\WINDOWS;C:\WINDOWS\System32\Wbem;C:\WINDOWS\System32\WindowsPowerShell\v1.0\;c:\Program Files\Intel\WiFi\bin\;c:\Program Files\Common Files\Intel\WirelessCommon\;C:\Program Files (x86)\Windows Live\Shared;c:\Program Files (x86)\Microsoft SQL Server\110\Tools\Binn\;c:\Program Files\Microsoft SQL Server\110\Tools\Binn\;c:\Program Files\Microsoft SQL Server\110\DTS\Binn\;C:\Program Files\Intel\Intel(R) Management Engine Components\DAL;C:\Program Files\Intel\Intel(R) Management Engine Components\IPT;C:\Program Files\Java\jdk1.8.0_101\bin;C:\Program Files\Microsoft SQL Server\130\Tools\Binn\;C:\TDM-GCC-32\bin;C:\Program Files (x86)\GtkSharp\2.12\bin;C:\WINDOWS\System32\OpenSSH\;C:\Program Files\Git\cmd;C:\Program Files\Intel\WiFi\bin\;C:\Program Files\Common Files\Intel\WirelessCommon\;C:\Users\Daniel\AppData\Local\Microsoft\WindowsApps;C:\Program Files\heroku\bin;C:\Users\Daniel\AppData\Local\Programs\Microsoft VS Code\bin;;C:\Program Files\Docker Toolbox;."/>
    <property name="maven.conf" value="C:\Program Files\JetBrains\IntelliJ IDEA Community Edition 2019.2.1\plugins\maven\lib\maven3/conf"/>
    <property name="jdk.debug" value="release"/>
    <property name="java.class.version" value="56.0"/>
    <property name="java.specification.name" value="Java Platform API Specification"/>
    <property name="sun.management.compiler" value="HotSpot 64-Bit Tiered Compilers"/>
    <property name="os.version" value="10.0"/>
    <property name="user.home" value="C:\Users\Daniel"/>
    <property name="user.timezone" value="America/New_York"/>
    <property name="file.encoding" value="UTF-8"/>
    <property name="java.specification.version" value="12"/>
    <property name="user.name" value="Daniel"/>
    <property name="java.class.path" value="C:\Program Files\JetBrains\IntelliJ IDEA Community Edition 2019.2.1\plugins\maven\lib\maven3\boot\plexus-classworlds-2.6.0.jar"/>
    <property name="idea.version2019.2.1" value="true"/>
    <property name="java.vm.specification.version" value="12"/>
    <property name="sun.arch.data.model" value="64"/>
    <property name="sun.java.command" value="org.codehaus.classworlds.Launcher -Didea.version2019.2.1 test"/>
    <property name="java.home" value="C:\Program Files\Java\jdk-12.0.2"/>
    <property name="user.language" value="en"/>
    <property name="java.specification.vendor" value="Oracle Corporation"/>
    <property name="awt.toolkit" value="sun.awt.windows.WToolkit"/>
    <property name="java.vm.info" value="mixed mode, sharing"/>
    <property name="java.version" value="12.0.2"/>
    <property name="java.vendor" value="Oracle Corporation"/>
    <property name="maven.home" value="C:\Program Files\JetBrains\IntelliJ IDEA Community Edition 2019.2.1\plugins\maven\lib\maven3"/>
    <property name="file.separator" value="\"/>
    <property name="java.version.date" value="2019-07-16"/>
    <property name="java.vendor.url.bug" value="https://bugreport.java.com/bugreport/"/>
    <property name="sun.io.unicode.encoding" value="UnicodeLittle"/>
    <property name="sun.cpu.endian" value="little"/>
    <property name="sun.desktop" value="windows"/>
    <property name="sun.cpu.isalist" value="amd64"/>
  </properties>
  <testcase classname="InputValidationTest" name="InputValidationTest.testCanConvertSalaryAndRoundToAmount" time="0"/>
  <testcase classname="InputValidationTest" name="InputValidationTest.testSpecialCharactersCannotConvertToDouble" time="0"/>
  <testcase classname="InputValidationTest" name="InputValidationTest.testNegativesAreNotPositiveIntegers" time="0"/>
  <testcase classname="InputValidationTest" name="InputValidationTest.testInputContainsMultipleDollarSigns" time="0"/>
  <testcase classname="InputValidationTest" name="InputValidationTest.testWholeNumberInputCanConvertToDouble" time="0.001"/>
  <testcase classname="InputValidationTest" name="InputValidationTest.testInvalidInputIsInvalidMenuOption" time="0"/>
  <testcase classname="InputValidationTest" name="InputValidationTest.testPositiveNumbersFallInPercentageRange" time="0"/>
  <testcase classname="InputValidationTest" name="InputValidationTest.testInvalidOptionDoesNotFallInRange" time="0"/>
  <testcase classname="InputValidationTest" name="InputValidationTest.testDecimalNumberInputCanConvertToDouble" time="0"/>
  <testcase classname="InputValidationTest" name="InputValidationTest.testNegativeNumberInputCanConvertToDouble" time="0"/>
  <testcase classname="InputValidationTest" name="InputValidationTest.testNinetyNineDoesNotFallInAgeRange" time="0"/>
  <testcase classname="InputValidationTest" name="InputValidationTest.testPositiveWholeNumberIsValidInteger" time="0.001"/>
  <testcase classname="InputValidationTest" name="InputValidationTest.testExtraCharactersAreInvalidAmount" time="0"/>
  <testcase classname="InputValidationTest" name="InputValidationTest.testNegativeAndLargeNumbersDoNotFallInPercentageRange" time="0.001"/>
  <testcase classname="InputValidationTest" name="InputValidationTest.testIntegerConvertsToInteger" time="0"/>
  <testcase classname="InputValidationTest" name="InputValidationTest.testStringFailsToConvertToInteger" time="0.001"/>
  <testcase classname="InputValidationTest" name="InputValidationTest.testValidNumberIsValidMenuOption" time="0"/>
  <testcase classname="InputValidationTest" name="InputValidationTest.testInputDoesNotHaveDollarSigns" time="0"/>
  <testcase classname="InputValidationTest" name="InputValidationTest.testInputContainsNoExtraSymbols" time="0"/>
  <testcase classname="InputValidationTest" name="InputValidationTest.testZeroIsNotValidPrice" time="0"/>
  <testcase classname="InputValidationTest" name="InputValidationTest.testNumOfPeopleNotZero" time="0"/>
  <testcase classname="InputValidationTest" name="InputValidationTest.testTwentyOneDoesNotFallInAgeRange" time="0"/>
  <testcase classname="InputValidationTest" name="InputValidationTest.testInputContainsNoDecimals" time="0"/>
  <testcase classname="InputValidationTest" name="InputValidationTest.testTwentyTwoFallsInAgeRange" time="0"/>
  <testcase classname="InputValidationTest" name="InputValidationTest.testDecimalsDoNotHaveWords" time="0"/>
  <testcase classname="InputValidationTest" name="InputValidationTest.testInputContainsMultipleCommas" time="0"/>
  <testcase classname="InputValidationTest" name="InputValidationTest.testDecimalNumberIsInvalidInteger" time="0"/>
  <testcase classname="InputValidationTest" name="InputValidationTest.testNinetyEightFallsInAgeRange" time="0"/>
  <testcase classname="InputValidationTest" name="InputValidationTest.testValidNumberIsValidAge" time="0"/>
  <testcase classname="InputValidationTest" name="InputValidationTest.testInputContainsOneDecimal" time="0"/>
  <testcase classname="InputValidationTest" name="InputValidationTest.testInputContainsNoDollarSigns" time="0"/>
  <testcase classname="InputValidationTest" name="InputValidationTest.testPriceIsNotAWord" time="0"/>
  <testcase classname="InputValidationTest" name="InputValidationTest.testWordsCannotConvertToDouble" time="0"/>
  <testcase classname="InputValidationTest" name="InputValidationTest.testWordsAreInvalidPercentage" time="0.002"/>
  <testcase classname="InputValidationTest" name="InputValidationTest.testValidOptionFallsInRange" time="0"/>
  <testcase classname="InputValidationTest" name="InputValidationTest.testInputContainsOneComma" time="0.001"/>
  <testcase classname="InputValidationTest" name="InputValidationTest.testOnlyTwoDecimalPlaces" time="0"/>
  <testcase classname="InputValidationTest" name="InputValidationTest.testInputContainsMultipleDecimals" time="0"/>
  <testcase classname="InputValidationTest" name="InputValidationTest.testInputContainsAllExtraSymbols" time="0"/>
  <testcase classname="InputValidationTest" name="InputValidationTest.testWordsAreInvalidAmount" time="0"/>
  <testcase classname="InputValidationTest" name="InputValidationTest.testInputContainsNoCommas" time="0"/>
  <testcase classname="InputValidationTest" name="InputValidationTest.testWordsAreNotPositiveIntegers" time="0"/>
  <testcase classname="InputValidationTest" name="InputValidationTest.testSimpleInputIsValidPercentage" time="0"/>
  <testcase classname="InputValidationTest" name="InputValidationTest.testDecimalsAreNotPositiveIntegers" time="0"/>
  <testcase classname="InputValidationTest" name="InputValidationTest.testStringsAreInvalidIntegers" time="0.001"/>
  <testcase classname="InputValidationTest" name="InputValidationTest.testCannotConvertWordsToAmount" time="0.003"/>
  <testcase classname="InputValidationTest" name="InputValidationTest.testValidSalaryIsValidAmount" time="0"/>
  <testcase classname="InputValidationTest" name="InputValidationTest.testThreeDecimalsAreNotTwo" time="0"/>
  <testcase classname="InputValidationTest" name="InputValidationTest.testWordIsInvalidAge" time="0.001"/>
  <testcase classname="InputValidationTest" name="InputValidationTest.testOneDecimalIsNotTwo" time="0"/>
  <testcase classname="InputValidationTest" name="InputValidationTest.testOnlyNumbersAndOnePeriod" time="0"/>
  <testcase classname="InputValidationTest" name="InputValidationTest.testNegativeValuesAreInvalid" time="0.001"/>
  <testcase classname="InputValidationTest" name="InputValidationTest.testNumOfPeopleIsPositiveInt" time="0"/>
  <testcase classname="InputValidationTest" name="InputValidationTest.testInputContainsDollarSign" time="0.001"/>
  <testcase classname="InputValidationTest" name="InputValidationTest.testNotZero" time="0"/>
  <testcase classname="InputValidationTest" name="InputValidationTest.testZeroIsValidAge" time="0.001"/>
</testsuite>