<?xml version="1.0" encoding="UTF-8" ?>
<testsuite tests="30" failures="0" name="ShortestDistanceTest" time="0.001" errors="0" skipped="0">
  <properties>
    <property name="java.runtime.name" value="Java(TM) SE Runtime Environment"/>
    <property name="java.vm.version" value="12.0.2+10"/>
    <property name="sun.boot.library.path" value="C:\Program Files\Java\jdk-12.0.2\bin"/>
    <property name="maven.multiModuleProjectDirectory" value="C:\Users\xarga\IdeaProjects\Asmt1_Java"/>
    <property name="java.vm.vendor" value="Oracle Corporation"/>
    <property name="java.vendor.url" value="https://java.oracle.com/"/>
    <property name="guice.disable.misplaced.annotation.check" value="true"/>
    <property name="path.separator" value=";"/>
    <property name="java.vm.name" value="Java HotSpot(TM) 64-Bit Server VM"/>
    <property name="sun.os.patch.level" value=""/>
    <property name="user.script" value=""/>
    <property name="user.country" value="US"/>
    <property name="sun.java.launcher" value="SUN_STANDARD"/>
    <property name="java.vm.specification.name" value="Java Virtual Machine Specification"/>
    <property name="user.dir" value="C:\Users\xarga\IdeaProjects\Asmt1_Java"/>
    <property name="java.vm.compressedOopsMode" value="Zero based"/>
    <property name="java.runtime.version" value="12.0.2+10"/>
    <property name="java.awt.graphicsenv" value="sun.awt.Win32GraphicsEnvironment"/>
    <property name="os.arch" value="amd64"/>
    <property name="java.io.tmpdir" value="C:\Users\xarga\AppData\Local\Temp\"/>
    <property name="line.separator" value="
"/>
    <property name="java.vm.specification.vendor" value="Oracle Corporation"/>
    <property name="user.variant" value=""/>
    <property name="os.name" value="Windows 10"/>
    <property name="maven.ext.class.path" value="C:\Program Files\JetBrains\IntelliJ IDEA Community Edition 2019.2.1\plugins\maven\lib\maven-event-listener.jar"/>
    <property name="classworlds.conf" value="C:\Program Files\JetBrains\IntelliJ IDEA Community Edition 2019.2.1\plugins\maven\lib\maven3\bin\m2.conf"/>
    <property name="sun.jnu.encoding" value="Cp1252"/>
    <property name="java.library.path" value="C:\Program Files\Java\jdk-12.0.2\bin;C:\WINDOWS\Sun\Java\bin;C:\WINDOWS\system32;C:\WINDOWS;C:\Program Files (x86)\Razer Chroma SDK\bin;C:\Program Files\Razer Chroma SDK\bin;C:\Program Files (x86)\Intel\Intel(R) Management Engine Components\iCLS\;C:\Program Files\Intel\Intel(R) Management Engine Components\iCLS\;C:\windows\system32;C:\windows;C:\windows\System32\Wbem;C:\windows\System32\WindowsPowerShell\v1.0\;C:\windows\System32\OpenSSH\;C:\Program Files (x86)\Intel\Intel(R) Management Engine Components\DAL;C:\Program Files\Intel\Intel(R) Management Engine Components\DAL;C:\Program Files (x86)\Intel\Intel(R) Management Engine Components\IPT;C:\Program Files\Intel\Intel(R) Management Engine Components\IPT;C:\Python27;C:\windows\system32\config\systemprofile\AppData\Local\Microsoft\WindowsApps;C:\HashiCorp\Vagrant\bin;C:\Program Files\Intel\WiFi\bin\;C:\Program Files\Common Files\Intel\WirelessCommon\;C:\WINDOWS\system32;C:\WINDOWS;C:\WINDOWS\System32\Wbem;C:\WINDOWS\System32\WindowsPowerShell\v1.0\;C:\WINDOWS\System32\OpenSSH\;C:\Program Files\Git\cmd;C:\Users\xarga\AppData\Local\Microsoft\WindowsApps;C:\Python27;C:\Users\xarga\AppData\Local\atom\bin;C:\Program Files\CMake\bin;C:\Users\xarga\AppData\Local\Google\Cloud SDK\google-cloud-sdk\bin;C:\Users\xarga\AppData\Local\Microsoft\WindowsApps;;C:\Program Files\Docker Toolbox;."/>
    <property name="maven.conf" value="C:\Program Files\JetBrains\IntelliJ IDEA Community Edition 2019.2.1\plugins\maven\lib\maven3/conf"/>
    <property name="jdk.debug" value="release"/>
    <property name="java.class.version" value="56.0"/>
    <property name="java.specification.name" value="Java Platform API Specification"/>
    <property name="sun.management.compiler" value="HotSpot 64-Bit Tiered Compilers"/>
    <property name="os.version" value="10.0"/>
    <property name="user.home" value="C:\Users\xarga"/>
    <property name="user.timezone" value="America/New_York"/>
    <property name="file.encoding" value="UTF-8"/>
    <property name="java.specification.version" value="12"/>
    <property name="user.name" value="xarga"/>
    <property name="java.class.path" value="C:\Program Files\JetBrains\IntelliJ IDEA Community Edition 2019.2.1\plugins\maven\lib\maven3\boot\plexus-classworlds-2.6.0.jar"/>
    <property name="idea.version2019.2.1" value="true"/>
    <property name="java.vm.specification.version" value="12"/>
    <property name="sun.arch.data.model" value="64"/>
    <property name="sun.java.command" value="org.codehaus.classworlds.Launcher -Didea.version2019.2.1 package"/>
    <property name="java.home" value="C:\Program Files\Java\jdk-12.0.2"/>
    <property name="user.language" value="en"/>
    <property name="java.specification.vendor" value="Oracle Corporation"/>
    <property name="awt.toolkit" value="sun.awt.windows.WToolkit"/>
    <property name="java.vm.info" value="mixed mode, sharing"/>
    <property name="java.version" value="12.0.2"/>
    <property name="java.vendor" value="Oracle Corporation"/>
    <property name="maven.home" value="C:\Program Files\JetBrains\IntelliJ IDEA Community Edition 2019.2.1\plugins\maven\lib\maven3"/>
    <property name="file.separator" value="\"/>
    <property name="java.version.date" value="2019-07-16"/>
    <property name="java.vendor.url.bug" value="https://bugreport.java.com/bugreport/"/>
    <property name="sun.io.unicode.encoding" value="UnicodeLittle"/>
    <property name="sun.cpu.endian" value="little"/>
    <property name="sun.desktop" value="windows"/>
    <property name="sun.cpu.isalist" value="amd64"/>
  </properties>
  <testcase classname="ShortestDistanceTest" name="ShortestDistanceTest.testSubtractionWithOppositeSignedNumbers" time="0"/>
  <testcase classname="ShortestDistanceTest" name="ShortestDistanceTest.testDistanceCalculationWithWholePositiveNumbers" time="0"/>
  <testcase classname="ShortestDistanceTest" name="ShortestDistanceTest.testAdditionWithSixDigitDecimalNumbers" time="0"/>
  <testcase classname="ShortestDistanceTest" name="ShortestDistanceTest.testDistanceCalculationWithMixedNumbers" time="0"/>
  <testcase classname="ShortestDistanceTest" name="ShortestDistanceTest.testDistanceCalculationWithSixDigitDecimalNumbers" time="0"/>
  <testcase classname="ShortestDistanceTest" name="ShortestDistanceTest.testAdditionWithOppositeSignedNumbers" time="0"/>
  <testcase classname="ShortestDistanceTest" name="ShortestDistanceTest.testSquareWithSixDigitDecimalNumber" time="0"/>
  <testcase classname="ShortestDistanceTest" name="ShortestDistanceTest.testSubtractionWithSixDigitDecimalNumbers" time="0"/>
  <testcase classname="ShortestDistanceTest" name="ShortestDistanceTest.testDistanceCalculationWithDecimalNumbers" time="0"/>
  <testcase classname="ShortestDistanceTest" name="ShortestDistanceTest.testAdditionWithDecimalNumbers" time="0"/>
  <testcase classname="ShortestDistanceTest" name="ShortestDistanceTest.testSquareWithDecimalNumber" time="0"/>
  <testcase classname="ShortestDistanceTest" name="ShortestDistanceTest.testRoundWithPositiveNumber" time="0.001"/>
  <testcase classname="ShortestDistanceTest" name="ShortestDistanceTest.testRoundWithNegativeNumber" time="0"/>
  <testcase classname="ShortestDistanceTest" name="ShortestDistanceTest.testSubtractionWithPositiveNumbers" time="0"/>
  <testcase classname="ShortestDistanceTest" name="ShortestDistanceTest.testInvalidInputLoopsUntilValid" time="0"/>
  <testcase classname="ShortestDistanceTest" name="ShortestDistanceTest.testValidInputReturnsCoordinate" time="0"/>
  <testcase classname="ShortestDistanceTest" name="ShortestDistanceTest.testSubtractionWithNegativeNumbers" time="0"/>
  <testcase classname="ShortestDistanceTest" name="ShortestDistanceTest.testAdditionWithPositiveNumbers" time="0"/>
  <testcase classname="ShortestDistanceTest" name="ShortestDistanceTest.testAdditionWithNegativeNumbers" time="0"/>
  <testcase classname="ShortestDistanceTest" name="ShortestDistanceTest.testSquareWithPositiveNumber" time="0"/>
  <testcase classname="ShortestDistanceTest" name="ShortestDistanceTest.testSquareWithNegativeNumber" time="0"/>
  <testcase classname="ShortestDistanceTest" name="ShortestDistanceTest.testSubtractionWithDecimalNumbers" time="0"/>
  <testcase classname="ShortestDistanceTest" name="ShortestDistanceTest.testRoundWithDecimalNumber" time="0"/>
  <testcase classname="ShortestDistanceTest" name="ShortestDistanceTest.testRoundWithSixDigitDecimalNumber" time="0"/>
  <testcase classname="ShortestDistanceTest" name="ShortestDistanceTest.testPrintingCalculationResults" time="0"/>
  <testcase classname="ShortestDistanceTest" name="ShortestDistanceTest.testGetDistance" time="0"/>
  <testcase classname="ShortestDistanceTest" name="ShortestDistanceTest.testIsInvalidInput" time="0"/>
  <testcase classname="ShortestDistanceTest" name="ShortestDistanceTest.testSetDistance" time="0"/>
  <testcase classname="ShortestDistanceTest" name="ShortestDistanceTest.testGetCoordinate" time="0"/>
  <testcase classname="ShortestDistanceTest" name="ShortestDistanceTest.testSetCoordinate" time="0"/>
</testsuite>